

Started GET "/" for 58.210.4.122 at 2012-02-10 15:26:41 +0800
  Processing by HomeController#index as HTML
Completed 500 Internal Server Error in 10ms

ActiveRecord::StatementInvalid (PGError: ERROR:  relation "users" does not exist
LINE 4:              WHERE a.attrelid = '"users"'::regclass
                                        ^
:             SELECT a.attname, format_type(a.atttypid, a.atttypmod), d.adsrc, a.attnotnull
              FROM pg_attribute a LEFT JOIN pg_attrdef d
                ON a.attrelid = d.adrelid AND a.attnum = d.adnum
             WHERE a.attrelid = '"users"'::regclass
               AND a.attnum > 0 AND NOT a.attisdropped
             ORDER BY a.attnum
):
  app/controllers/application_controller.rb:25:in `query_user_by_domain'



Started GET "/" for 58.210.4.122 at 2012-02-10 15:27:04 +0800
  Processing by HomeController#index as HTML
Completed 500 Internal Server Error in 1ms

ActiveRecord::StatementInvalid (PGError: ERROR:  relation "users" does not exist
LINE 4:              WHERE a.attrelid = '"users"'::regclass
                                        ^
:             SELECT a.attname, format_type(a.atttypid, a.atttypmod), d.adsrc, a.attnotnull
              FROM pg_attribute a LEFT JOIN pg_attrdef d
                ON a.attrelid = d.adrelid AND a.attnum = d.adnum
             WHERE a.attrelid = '"users"'::regclass
               AND a.attnum > 0 AND NOT a.attisdropped
             ORDER BY a.attnum
):
  app/controllers/application_controller.rb:25:in `query_user_by_domain'



Started GET "/" for 58.210.4.122 at 2012-02-10 15:27:09 +0800
  Processing by HomeController#index as HTML
Completed 500 Internal Server Error in 1ms

ActiveRecord::StatementInvalid (PGError: ERROR:  relation "users" does not exist
LINE 4:              WHERE a.attrelid = '"users"'::regclass
                                        ^
:             SELECT a.attname, format_type(a.atttypid, a.atttypmod), d.adsrc, a.attnotnull
              FROM pg_attribute a LEFT JOIN pg_attrdef d
                ON a.attrelid = d.adrelid AND a.attnum = d.adnum
             WHERE a.attrelid = '"users"'::regclass
               AND a.attnum > 0 AND NOT a.attisdropped
             ORDER BY a.attnum
):
  app/controllers/application_controller.rb:25:in `query_user_by_domain'



Started GET "/" for 58.210.4.122 at 2012-02-10 15:27:13 +0800
  Processing by HomeController#index as HTML
Completed 500 Internal Server Error in 1ms

ActiveRecord::StatementInvalid (PGError: ERROR:  relation "users" does not exist
LINE 4:              WHERE a.attrelid = '"users"'::regclass
                                        ^
:             SELECT a.attname, format_type(a.atttypid, a.atttypmod), d.adsrc, a.attnotnull
              FROM pg_attribute a LEFT JOIN pg_attrdef d
                ON a.attrelid = d.adrelid AND a.attnum = d.adnum
             WHERE a.attrelid = '"users"'::regclass
               AND a.attnum > 0 AND NOT a.attisdropped
             ORDER BY a.attnum
):
  app/controllers/application_controller.rb:25:in `query_user_by_domain'



Started GET "/" for 58.210.4.122 at 2012-02-10 15:27:19 +0800
  Processing by HomeController#index as HTML
Completed 500 Internal Server Error in 1ms

ActiveRecord::StatementInvalid (PGError: ERROR:  relation "users" does not exist
LINE 4:              WHERE a.attrelid = '"users"'::regclass
                                        ^
:             SELECT a.attname, format_type(a.atttypid, a.atttypmod), d.adsrc, a.attnotnull
              FROM pg_attribute a LEFT JOIN pg_attrdef d
                ON a.attrelid = d.adrelid AND a.attnum = d.adnum
             WHERE a.attrelid = '"users"'::regclass
               AND a.attnum > 0 AND NOT a.attisdropped
             ORDER BY a.attnum
):
  app/controllers/application_controller.rb:25:in `query_user_by_domain'

